2024-11-10 16:28:33 - INFO - file_cache is only supported with oauth2client<4.0.0
2024-11-10 16:28:55 - INFO - 
=> SCRAPING DATE: Due date: 11/10/24, 11:59 PM
2024-11-10 16:28:55 - INFO - 
2024-11-10 16:28:56 - INFO - 	=> Scraping: Selenium Contest
2024-11-10 16:29:00 - INFO - 	=> Finished scraping assignment: Selenium Contest
	--------------------------------
2024-11-10 16:29:00 - INFO - 
****************************************************

2024-11-10 16:29:00 - INFO - 
=> SCRAPING DATE: Due date: 11/13/24, 11:59 PM
2024-11-10 16:29:00 - INFO - 
2024-11-10 16:29:00 - INFO - 	=> Scraping: Aggregation Framework Second Exercises
2024-11-10 16:29:04 - INFO - 	=> Finished scraping assignment: Aggregation Framework Second Exercises
	--------------------------------
2024-11-10 16:29:04 - INFO - 
2024-11-10 16:29:04 - INFO - 	=> Scraping: Spark Assignment
2024-11-10 16:29:08 - INFO - 	=> Finished scraping assignment: Spark Assignment
	--------------------------------
2024-11-10 16:29:08 - INFO - 
****************************************************

2024-11-10 16:29:08 - INFO - 
=> SCRAPING DATE: Due date: 11/14/24, 5:00 PM
2024-11-10 16:29:08 - INFO - 
2024-11-10 16:29:08 - INFO - 	=> Scraping: Low Code Databases: Airtable
2024-11-10 16:29:11 - WARNING - 	!> No footer found for 'Low Code Databases: Airtable. Can't access the assignment page.
2024-11-10 16:29:11 - WARNING - 	!> Assignment 'Low Code Databases: Airtable' could not be opened
2024-11-10 16:29:11 - INFO - 	=> Finished scraping assignment: Low Code Databases: Airtable
	--------------------------------
2024-11-10 16:29:11 - INFO - 
****************************************************

